<2024-12-01 17:12:06> I: /Port
<2024-12-01 17:12:06> Your port is 61857 
<2024-12-01 17:12:06> I: Hello everyone!
<2024-12-01 17:12:06> Billy Milligan 2: Hello everyone!
<2024-12-01 17:12:06> I: I'm fine today.
<2024-12-01 17:12:06> Billy Milligan 1: Hello everyone!
<2024-12-01 17:12:06> I: How are you?
<2024-12-01 17:12:06> Billy Milligan 2: I'm fine today.
<2024-12-01 17:12:06> I: /Exit
<2024-12-01 17:12:06> Billy Milligan 1: I'm fine today.
<2024-12-01 17:15:29> I: /Port
<2024-12-01 17:15:29> Your port is 61942 
<2024-12-01 17:15:29> I: Hello everyone!
<2024-12-01 17:15:29> Billy Milligan 1: Hello everyone!
<2024-12-01 17:15:29> I: I'm fine today.
<2024-12-01 17:15:29> Billy Milligan 2: Hello everyone!
<2024-12-01 17:15:29> I: How are you?
<2024-12-01 17:15:29> Billy Milligan 1: I'm fine today.
<2024-12-01 17:15:29> I: /Exit
<2024-12-01 17:15:29> Billy Milligan 2: I'm fine today.
<2024-12-01 18:12:59> I: /Port
<2024-12-01 18:12:59> Your port is 63921 
<2024-12-01 18:12:59> I: Hello everyone!
<2024-12-01 18:12:59> Billy Milligan 2: Hello everyone!
<2024-12-01 18:12:59> I: I'm fine today.
<2024-12-01 18:12:59> Billy Milligan 1: Hello everyone!
<2024-12-01 18:12:59> I: How are you?
<2024-12-01 18:12:59> Billy Milligan 2: I'm fine today.
<2024-12-01 18:12:59> I: /Exit
<2024-12-01 18:12:59> Billy Milligan 1: I'm fine today.
