<2024-12-18 21:00:02> Клиент Billy Milligan 2[56204] прислал команду: /Port
<2024-12-18 21:00:02> Клиент Billy Milligan 0[56205] прислал команду: /Port
<2024-12-18 21:00:02> Клиент Billy Milligan 1[56206] прислал команду: /Port
<2024-12-18 21:00:02> Клиент Billy Milligan 1[56206] прислал сообщение: Hello everyone!
<2024-12-18 21:00:02> Клиент Billy Milligan 0[56205] прислал сообщение: Hello everyone!
<2024-12-18 21:00:02> Клиент Billy Milligan 2[56204] прислал сообщение: Hello everyone!
<2024-12-18 21:00:02> Клиент Billy Milligan 2[56204] прислал сообщение: I'm fine today.
<2024-12-18 21:00:02> Клиент Billy Milligan 1[56206] прислал сообщение: I'm fine today.
<2024-12-18 21:00:02> Клиент Billy Milligan 0[56205] прислал сообщение: I'm fine today.
<2024-12-18 21:00:02> Клиент Billy Milligan 1[56206] прислал сообщение: How are you?
<2024-12-18 21:00:02> Клиент Billy Milligan 2[56204] прислал сообщение: How are you?
<2024-12-18 21:00:02> Клиент Billy Milligan 0[56205] прислал сообщение: How are you?
<2024-12-18 21:00:02> Клиент Billy Milligan 2[56204] прислал команду: /Exit
<2024-12-18 21:00:02> Клиент Billy Milligan 1[56206] прислал команду: /Exit
<2024-12-18 21:00:02> Клиент Billy Milligan 0[56205] прислал команду: /Exit
<2024-12-18 21:00:02> Клиент Billy Milligan 1[56218] прислал команду: /Port
<2024-12-18 21:00:02> Клиент Billy Milligan 0[56219] прислал команду: /Port
<2024-12-18 21:00:02> Клиент Billy Milligan 2[56220] прислал команду: /Port
<2024-12-18 21:00:02> Клиент Billy Milligan 0[56219] прислал сообщение: Hello everyone!
<2024-12-18 21:00:02> Клиент Billy Milligan 2[56220] прислал сообщение: Hello everyone!
<2024-12-18 21:00:02> Клиент Billy Milligan 1[56218] прислал сообщение: Hello everyone!
<2024-12-18 21:00:02> Клиент Billy Milligan 2[56220] прислал сообщение: I'm fine today.
<2024-12-18 21:00:02> Клиент Billy Milligan 0[56219] прислал сообщение: I'm fine today.
<2024-12-18 21:00:02> Клиент Billy Milligan 1[56218] прислал сообщение: I'm fine today.
<2024-12-18 21:00:02> Клиент Billy Milligan 1[56218] прислал сообщение: How are you?
<2024-12-18 21:00:02> Клиент Billy Milligan 2[56220] прислал сообщение: How are you?
<2024-12-18 21:00:02> Клиент Billy Milligan 0[56219] прислал сообщение: How are you?
<2024-12-18 21:00:02> Клиент Billy Milligan 2[56220] прислал команду: /Exit
<2024-12-18 21:00:02> Клиент Billy Milligan 0[56219] прислал команду: /Exit
<2024-12-18 21:00:02> Клиент Billy Milligan 1[56218] прислал команду: /Exit
