<2024-12-18 20:58:35> I: /Port
<2024-12-18 20:58:35> Your port is 56177 
<2024-12-18 20:58:35> I: Hello everyone!
<2024-12-18 20:58:35> Billy Milligan 2: Hello everyone!
<2024-12-18 20:58:35> I: I'm fine today.
<2024-12-18 20:58:35> Billy Milligan 1: Hello everyone!
<2024-12-18 20:58:35> I: How are you?
<2024-12-18 20:58:35> Billy Milligan 2: I'm fine today.
<2024-12-18 20:58:35> I: /Exit
<2024-12-18 20:58:35> Billy Milligan 1: I'm fine today.
<2024-12-18 21:00:02> I: /Port
<2024-12-18 21:00:02> Your port is 56205 
<2024-12-18 21:00:02> I: Hello everyone!
<2024-12-18 21:00:02> Billy Milligan 1: Hello everyone!
<2024-12-18 21:00:02> I: I'm fine today.
<2024-12-18 21:00:02> Billy Milligan 2: Hello everyone!
<2024-12-18 21:00:02> I: How are you?
<2024-12-18 21:00:02> Billy Milligan 1: I'm fine today.
<2024-12-18 21:00:02> I: /Exit
<2024-12-18 21:00:02> Billy Milligan 2: I'm fine today.
<2024-12-18 21:01:11> I: /Port
<2024-12-18 21:01:11> Your port is 56219 
<2024-12-18 21:01:11> I: Hello everyone!
<2024-12-18 21:01:11> Billy Milligan 1: Hello everyone!
<2024-12-18 21:01:11> I: I'm fine today.
<2024-12-18 21:01:11> Billy Milligan 2: Hello everyone!
<2024-12-18 21:01:11> I: How are you?
<2024-12-18 21:01:11> Billy Milligan 1: I'm fine today.
<2024-12-18 21:01:11> I: /Exit
<2024-12-18 21:01:11> Billy Milligan 2: I'm fine today.
